2022-07-31 23:58:00:580 [32minfo[39m: [32mRequest: GET /users/150; params: {}; query: {}; request body: {}[39m
2022-07-31 23:58:00:580 [31merror[39m: [31mRequest: GET /users/150; params: {}; query: {}; request body: {}; error: User not found[39m
2022-07-31 23:59:52:5952 [32minfo[39m: [32mRequest: GET /users/150; params: {}; query: {}; request body: {}[39m
2022-07-31 23:59:53:5953 [31merror[39m: [31mRequest: GET /users/150; params: {}; query: {}; request body: {}; error: User not found[39m
2022-08-01 00:00:04:04 [32minfo[39m: [32mRequest: GET /users/150; params: {}; query: {}; request body: {}[39m
2022-08-01 00:00:05:05 [31merror[39m: [31mRequest: GET /users/150; params: {}; query: {}; request body: {}; error: User not found[39m
2022-08-01 00:03:42:342 [32minfo[39m: [32mRequest: POST /users; params: {}; query: {}; request body: {"login":"TestUser","password":"pasword123","age":16}[39m
2022-08-01 00:03:42:342 [31merror[39m: [31mRequest: POST /users; params: {}; query: {}; request body: {"login":"TestUser","password":"pasword123","age":16}; error: notNull Violation: User.isDeleted cannot be null[39m
2022-08-01 00:05:38:538 [32minfo[39m: [32mRequest: POST /users; params: {}; query: {}; request body: {"login":"TestUser","password":"pasword123","age":16}[39m
2022-08-01 00:05:38:538 [31merror[39m: [31mRequest: POST /users; params: {}; query: {}; request body: {"login":"TestUser","password":"pasword123","age":16}; error: Validation error[39m
2022-08-01 00:07:31:731 [32minfo[39m: [32mRequest: DELETE /users/88; params: {}; query: {}; request body: {}[39m
2022-08-01 00:07:31:731 [31merror[39m: [31mRequest: DELETE /users/88; params: {}; query: {}; request body: {}; error: User not found[39m
2022-08-01 00:12:14:1214 [32minfo[39m: [32mRequest: GET /users/99; params: {}; query: {}; request body: {}[39m
2022-08-01 00:12:15:1215 [31merror[39m: [31mRequest: GET /users/99; params: {}; query: {}; request body: {}; error: Uncaught Exception[39m
2022-08-07 23:36:36:3636 [32minfo[39m: [32mRequest: GET /doc; params: {}; query: {}; request body: {}[39m
2022-08-07 23:36:36:3636 [32minfo[39m: [32mRequest: GET /doc/; params: {}; query: {}; request body: {}[39m
2022-08-07 23:36:36:3636 [32minfo[39m: [32mRequest: GET /doc/swagger-ui.css; params: {}; query: {}; request body: {}[39m
2022-08-07 23:36:36:3636 [32minfo[39m: [32mRequest: GET /doc/swagger-ui-bundle.js; params: {}; query: {}; request body: {}[39m
2022-08-07 23:36:36:3636 [32minfo[39m: [32mRequest: GET /doc/swagger-ui-standalone-preset.js; params: {}; query: {}; request body: {}[39m
2022-08-07 23:36:36:3636 [32minfo[39m: [32mRequest: GET /doc/swagger-ui-init.js; params: {}; query: {}; request body: {}[39m
2022-08-07 23:36:38:3638 [32minfo[39m: [32mRequest: GET /doc/favicon-32x32.png; params: {}; query: {}; request body: {}[39m
2022-08-07 23:39:17:3917 [32minfo[39m: [32mRequest: GET /doc/; params: {}; query: {}; request body: {}[39m
2022-08-07 23:39:17:3917 [32minfo[39m: [32mRequest: GET /doc/swagger-ui.css; params: {}; query: {}; request body: {}[39m
2022-08-07 23:39:17:3917 [32minfo[39m: [32mRequest: GET /doc/swagger-ui-bundle.js; params: {}; query: {}; request body: {}[39m
2022-08-07 23:39:17:3917 [32minfo[39m: [32mRequest: GET /doc/swagger-ui-standalone-preset.js; params: {}; query: {}; request body: {}[39m
2022-08-07 23:39:17:3917 [32minfo[39m: [32mRequest: GET /doc/swagger-ui-init.js; params: {}; query: {}; request body: {}[39m
2022-08-07 23:39:18:3918 [32minfo[39m: [32mRequest: GET /doc/favicon-32x32.png; params: {}; query: {}; request body: {}[39m
2022-08-07 23:39:48:3948 [32minfo[39m: [32mRequest: POST /login; params: {}; query: {}; request body: {"login":"login","password":"passw"}[39m
2022-08-07 23:39:48:3948 [31merror[39m: [31mRequest: POST /login; params: {}; query: {}; request body: {"login":"login","password":"passw"}; error: User not found[39m
2022-08-07 23:40:21:4021 [32minfo[39m: [32mRequest: GET /users; params: {}; query: {}; request body: {}[39m
2022-08-07 23:41:00:410 [32minfo[39m: [32mRequest: POST /login; params: {}; query: {}; request body: {"login":"MaryWinchester","password":"mary64"}[39m
2022-08-07 23:41:00:410 [31merror[39m: [31mRequest: POST /login; params: {}; query: {}; request body: {"login":"MaryWinchester","password":"mary64"}; error: User not found[39m
2022-08-07 23:43:44:4344 [32minfo[39m: [32mRequest: POST /login; params: {}; query: {}; request body: {"login":"Megmasters","password":"Demon2"}[39m
2022-08-07 23:43:44:4344 [31merror[39m: [31mRequest: POST /login; params: {}; query: {}; request body: {"login":"Megmasters","password":"Demon2"}; error: User not found[39m
2022-08-07 23:46:01:461 [32minfo[39m: [32mRequest: POST /login; params: {}; query: {}; request body: {"login":"Megmasters","password":"Demon2"}[39m
2022-08-07 23:46:01:461 [31merror[39m: [31mRequest: POST /login; params: {}; query: {}; request body: {"login":"Megmasters","password":"Demon2"}; error: User not found[39m
2022-08-07 23:47:30:4730 [32minfo[39m: [32mRequest: GET /doc/; params: {}; query: {}; request body: {}[39m
2022-08-07 23:47:30:4730 [32minfo[39m: [32mRequest: GET /doc/swagger-ui.css; params: {}; query: {}; request body: {}[39m
2022-08-07 23:47:30:4730 [32minfo[39m: [32mRequest: GET /doc/swagger-ui-bundle.js; params: {}; query: {}; request body: {}[39m
2022-08-07 23:47:30:4730 [32minfo[39m: [32mRequest: GET /doc/swagger-ui-standalone-preset.js; params: {}; query: {}; request body: {}[39m
2022-08-07 23:47:30:4730 [32minfo[39m: [32mRequest: GET /doc/swagger-ui-init.js; params: {}; query: {}; request body: {}[39m
2022-08-07 23:47:32:4732 [32minfo[39m: [32mRequest: GET /doc/favicon-32x32.png; params: {}; query: {}; request body: {}[39m
2022-08-07 23:48:07:487 [32minfo[39m: [32mRequest: POST /login; params: {}; query: {}; request body: {"login":"Megmasters","password":"Demon2"}[39m
2022-08-07 23:48:07:487 [31merror[39m: [31mRequest: POST /login; params: {}; query: {}; request body: {"login":"Megmasters","password":"Demon2"}; error: User not found[39m
2022-08-07 23:50:13:5013 [32minfo[39m: [32mRequest: POST /login; params: {}; query: {}; request body: {"login":"Megmasters","password":"Demon2"}[39m
2022-08-07 23:50:13:5013 [31merror[39m: [31mRequest: POST /login; params: {}; query: {}; request body: {"login":"Megmasters","password":"Demon2"}; error: User not found[39m
2022-08-07 23:51:31:5131 [32minfo[39m: [32mRequest: POST /login; params: {}; query: {}; request body: {"login":"Megmasters","password":"Demon2"}[39m
2022-08-07 23:51:31:5131 [31merror[39m: [31mRequest: POST /login; params: {}; query: {}; request body: {"login":"Megmasters","password":"Demon2"}; error: User not found[39m
2022-08-07 23:51:33:5133 [32minfo[39m: [32mRequest: POST /login; params: {}; query: {}; request body: {"login":"Megmasters","password":"Demon2"}[39m
2022-08-07 23:51:33:5133 [31merror[39m: [31mRequest: POST /login; params: {}; query: {}; request body: {"login":"Megmasters","password":"Demon2"}; error: User not found[39m
2022-08-07 23:51:46:5146 [32minfo[39m: [32mRequest: GET /doc/; params: {}; query: {}; request body: {}[39m
2022-08-07 23:51:46:5146 [32minfo[39m: [32mRequest: GET /doc/swagger-ui.css; params: {}; query: {}; request body: {}[39m
2022-08-07 23:51:46:5146 [32minfo[39m: [32mRequest: GET /doc/swagger-ui-bundle.js; params: {}; query: {}; request body: {}[39m
2022-08-07 23:51:46:5146 [32minfo[39m: [32mRequest: GET /doc/swagger-ui-standalone-preset.js; params: {}; query: {}; request body: {}[39m
2022-08-07 23:51:46:5146 [32minfo[39m: [32mRequest: GET /doc/swagger-ui-init.js; params: {}; query: {}; request body: {}[39m
2022-08-07 23:51:46:5146 [32minfo[39m: [32mRequest: GET /doc/favicon-32x32.png; params: {}; query: {}; request body: {}[39m
2022-08-07 23:52:06:526 [32minfo[39m: [32mRequest: POST /login; params: {}; query: {}; request body: {"login":"Megmasters","password":"Demon2"}[39m
2022-08-07 23:52:06:526 [31merror[39m: [31mRequest: POST /login; params: {}; query: {}; request body: {"login":"Megmasters","password":"Demon2"}; error: User not found[39m
2022-08-07 23:54:05:545 [32minfo[39m: [32mRequest: POST /login; params: {}; query: {}; request body: {"login":"Megmasters","password":"Demon2"}[39m
2022-08-07 23:54:05:545 [31merror[39m: [31mRequest: POST /login; params: {}; query: {}; request body: {"login":"Megmasters","password":"Demon2"}; error: User not found[39m
2022-08-07 23:54:57:5457 [32minfo[39m: [32mRequest: GET /users/2; params: {}; query: {}; request body: {}[39m
2022-08-07 23:54:57:5457 [31merror[39m: [31mRequest: GET /users/2; params: {}; query: {}; request body: {}; error: User not found[39m
2022-08-07 23:55:25:5525 [32minfo[39m: [32mRequest: GET /users; params: {}; query: {}; request body: {}[39m
2022-08-07 23:55:25:5525 [31merror[39m: [31mRequest: GET /users; params: {}; query: {}; request body: {}; error: User not found[39m
2022-08-07 23:56:00:560 [32minfo[39m: [32mRequest: GET /users; params: {}; query: {}; request body: {}[39m
2022-08-07 23:56:12:5612 [32minfo[39m: [32mRequest: GET /users/2; params: {}; query: {}; request body: {}[39m
2022-08-08 00:00:15:015 [32minfo[39m: [32mRequest: GET /users/2; params: {}; query: {}; request body: {}[39m
2022-08-08 00:01:19:119 [32minfo[39m: [32mRequest: POST /login; params: {}; query: {}; request body: {"login":"BobbySinger","password":"Bro789"}[39m
2022-08-08 00:01:19:119 [31merror[39m: [31mRequest: POST /login; params: {}; query: {}; request body: {"login":"BobbySinger","password":"Bro789"}; error: User not found[39m
2022-08-08 00:01:53:153 [32minfo[39m: [32mRequest: GET /users; params: {}; query: {}; request body: {}[39m
2022-08-08 00:02:07:27 [32minfo[39m: [32mRequest: POST /login; params: {}; query: {}; request body: {"login":"BobbySinger","password":"Bro789"}[39m
2022-08-08 00:02:07:27 [31merror[39m: [31mRequest: POST /login; params: {}; query: {}; request body: {"login":"BobbySinger","password":"Bro789"}; error: User not found[39m
2022-08-08 00:02:23:223 [32minfo[39m: [32mRequest: GET /users/66; params: {}; query: {}; request body: {}[39m
2022-08-08 00:02:23:223 [31merror[39m: [31mRequest: GET /users/66; params: {}; query: {}; request body: {}; error: User not found[39m
2022-08-08 00:06:26:626 [32minfo[39m: [32mRequest: POST /login; params: {}; query: {}; request body: {"login":"BobbySinger","password":"Bro789"}[39m
2022-08-08 00:06:26:626 [31merror[39m: [31mRequest: POST /login; params: {}; query: {}; request body: {"login":"BobbySinger","password":"Bro789"}; error: User not found[39m
2022-08-08 00:08:08:88 [32minfo[39m: [32mRequest: GET /users/4; params: {}; query: {}; request body: {}[39m
2022-08-08 00:10:38:1038 [32minfo[39m: [32mRequest: POST /login; params: {}; query: {}; request body: {"login":"BobbySinger","password":"Bro789"}[39m
2022-08-08 00:10:38:1038 [31merror[39m: [31mRequest: POST /login; params: {}; query: {}; request body: {"login":"BobbySinger","password":"Bro789"}; error: User not found[39m
2022-08-08 00:12:07:127 [32minfo[39m: [32mRequest: POST /login; params: {}; query: {}; request body: {"login":"BobbySinger","password":"Bro789"}[39m
2022-08-08 00:12:07:127 [31merror[39m: [31mRequest: POST /login; params: {}; query: {}; request body: {"login":"BobbySinger","password":"Bro789"}; error: User not found[39m
2022-08-08 00:13:33:1333 [32minfo[39m: [32mRequest: POST /login; params: {}; query: {}; request body: {"login":"BobbySinger","password":"Bro789"}[39m
2022-08-08 00:13:33:1333 [31merror[39m: [31mRequest: POST /login; params: {}; query: {}; request body: {"login":"BobbySinger","password":"Bro789"}; error: User not found[39m
2022-08-08 00:13:53:1353 [32minfo[39m: [32mRequest: GET /users; params: {}; query: {}; request body: {}[39m
2022-08-08 00:14:36:1436 [32minfo[39m: [32mRequest: GET /users; params: {}; query: {}; request body: {}[39m
2022-08-08 00:14:40:1440 [32minfo[39m: [32mRequest: POST /login; params: {}; query: {}; request body: {"login":"BobbySinger","password":"Bro789"}[39m
2022-08-08 00:14:40:1440 [31merror[39m: [31mRequest: POST /login; params: {}; query: {}; request body: {"login":"BobbySinger","password":"Bro789"}; error: Bad login/password combination[39m
2022-08-08 00:16:47:1647 [32minfo[39m: [32mRequest: POST /login; params: {}; query: {}; request body: {"login":"Megmasters","password":"demon2"}[39m
2022-08-08 00:16:47:1647 [31merror[39m: [31mRequest: POST /login; params: {}; query: {}; request body: {"login":"Megmasters","password":"demon2"}; error: Bad login/password combination[39m
2022-08-08 00:17:48:1748 [32minfo[39m: [32mRequest: POST /login; params: {}; query: {}; request body: {"login":"Megmasters","password":"demon2"}[39m
2022-08-08 00:17:49:1749 [31merror[39m: [31mRequest: POST /login; params: {}; query: {}; request body: {"login":"Megmasters","password":"demon2"}; error: Bad login/password combination[39m
2022-08-08 00:20:33:2033 [32minfo[39m: [32mRequest: POST /login; params: {}; query: {}; request body: {"login":"Megmasters","password":"demon2"}[39m
2022-08-08 00:20:33:2033 [31merror[39m: [31mRequest: POST /login; params: {}; query: {}; request body: {"login":"Megmasters","password":"demon2"}; error: Bad login/password combination[39m
2022-08-08 00:21:24:2124 [32minfo[39m: [32mRequest: POST /login; params: {}; query: {}; request body: {"login":"Megmasters","password":"demon2"}[39m
2022-08-08 00:21:24:2124 [31merror[39m: [31mRequest: POST /login; params: {}; query: {}; request body: {"login":"Megmasters","password":"demon2"}; error: Bad login/password combination[39m
2022-08-08 00:21:35:2135 [32minfo[39m: [32mRequest: POST /login; params: {}; query: {}; request body: {"login":"Megmasters","password":"Demon2"}[39m
2022-08-08 00:36:52:3652 [32minfo[39m: [32mRequest: GET /users; params: {}; query: {}; request body: {}[39m
2022-08-08 00:36:52:3652 [31merror[39m: [31mRequest: GET /users; params: {}; query: {}; request body: {}; error: Cannot set headers after they are sent to the client[39m
2022-08-08 00:37:01:371 [32minfo[39m: [32mRequest: POST /login; params: {}; query: {}; request body: {"login":"Megmasters","password":"Demon2"}[39m
2022-08-08 00:37:06:376 [32minfo[39m: [32mRequest: GET /users; params: {}; query: {}; request body: {}[39m
2022-08-08 00:37:06:376 [31merror[39m: [31mRequest: GET /users; params: {}; query: {}; request body: {}; error: Cannot set headers after they are sent to the client[39m
2022-08-08 00:37:08:378 [32minfo[39m: [32mRequest: GET /users; params: {}; query: {}; request body: {}[39m
2022-08-08 00:37:08:378 [31merror[39m: [31mRequest: GET /users; params: {}; query: {}; request body: {}; error: Cannot set headers after they are sent to the client[39m
2022-08-08 00:38:06:386 [32minfo[39m: [32mRequest: GET /users/4; params: {}; query: {}; request body: {}[39m
2022-08-08 00:38:06:386 [31merror[39m: [31mRequest: GET /users/4; params: {}; query: {}; request body: {}; error: Cannot set headers after they are sent to the client[39m
2022-08-08 00:39:24:3924 [32minfo[39m: [32mRequest: POST /login; params: {}; query: {}; request body: {"login":"Megmasters","password":"Demon2"}[39m
2022-08-08 00:39:34:3934 [32minfo[39m: [32mRequest: GET /users/4; params: {}; query: {}; request body: {}[39m
2022-08-08 00:39:54:3954 [32minfo[39m: [32mRequest: GET /groups/1; params: {}; query: {}; request body: {}[39m
2022-08-08 00:39:54:3954 [31merror[39m: [31mRequest: GET /groups/1; params: {}; query: {}; request body: {}; error: Cannot set headers after they are sent to the client[39m
2022-08-08 00:42:22:4222 [32minfo[39m: [32mRequest: GET /users/4; params: {}; query: {}; request body: {}[39m
2022-08-08 00:42:22:4222 [31merror[39m: [31mRequest: GET /users/4; params: {}; query: {}; request body: {}; error: Cannot set headers after they are sent to the client[39m
2022-08-08 00:43:09:439 [32minfo[39m: [32mRequest: POST /login; params: {}; query: {}; request body: {"login":"Megmasters","password":"Demon2"}[39m
2022-08-08 00:43:24:4324 [32minfo[39m: [32mRequest: GET /users; params: {}; query: {}; request body: {}[39m
2022-08-08 00:43:24:4324 [31merror[39m: [31mRequest: GET /users; params: {}; query: {}; request body: {}; error: Cannot set headers after they are sent to the client[39m
2022-08-08 00:49:20:4920 [32minfo[39m: [32mRequest: POST /login; params: {}; query: {}; request body: {"login":"Megmasters","password":"Demon2"}[39m
2022-08-08 00:49:32:4932 [32minfo[39m: [32mRequest: GET /users; params: {}; query: {}; request body: {}[39m
2022-08-08 00:49:32:4932 [31merror[39m: [31mRequest: GET /users; params: {}; query: {}; request body: {}; error: Cannot set headers after they are sent to the client[39m
2022-08-08 00:51:51:5151 [32minfo[39m: [32mRequest: POST /login; params: {}; query: {}; request body: {"login":"Megmasters","password":"Demon2"}[39m
2022-08-08 00:51:54:5154 [32minfo[39m: [32mRequest: GET /users; params: {}; query: {}; request body: {}[39m
2022-08-08 00:51:54:5154 [31merror[39m: [31mRequest: GET /users; params: {}; query: {}; request body: {}; error: Cannot set headers after they are sent to the client[39m
2022-08-08 00:52:08:528 [32minfo[39m: [32mRequest: GET /groups/4; params: {}; query: {}; request body: {}[39m
2022-08-08 00:52:08:528 [31merror[39m: [31mRequest: GET /groups/4; params: {}; query: {}; request body: {}; error: Cannot set headers after they are sent to the client[39m
2022-08-08 00:54:34:5434 [32minfo[39m: [32mRequest: GET /groups/4; params: {}; query: {}; request body: {}[39m
2022-08-08 00:54:34:5434 [31merror[39m: [31mRequest: GET /groups/4; params: {}; query: {}; request body: {}; error: Cannot set headers after they are sent to the client[39m
2022-08-08 01:05:49:549 [32minfo[39m: [32mRequest: GET /groups/4; params: {}; query: {}; request body: {}[39m
2022-08-08 01:05:49:549 [31merror[39m: [31mRequest: GET /groups/4; params: {}; query: {}; request body: {}; error: Cannot set headers after they are sent to the client[39m
2022-08-08 01:10:05:105 [32minfo[39m: [32mRequest: POST /login; params: {}; query: {}; request body: {"login":"Megmasters","password":"Demon2"}[39m
2022-08-08 01:10:58:1058 [32minfo[39m: [32mRequest: GET /users; params: {}; query: {}; request body: {}[39m
2022-08-08 01:10:58:1058 [31merror[39m: [31mRequest: GET /users; params: {}; query: {}; request body: {}; error: Cannot set headers after they are sent to the client[39m
2022-08-08 01:16:00:160 [32minfo[39m: [32mRequest: GET /users; params: {}; query: {}; request body: {}[39m
2022-08-08 01:16:00:160 [31merror[39m: [31mRequest: GET /users; params: {}; query: {}; request body: {}; error: Cannot set headers after they are sent to the client[39m
2022-08-10 00:02:01:21 [32minfo[39m: [32mRequest: GET /users; params: {}; query: {}; request body: {}[39m
2022-08-10 00:02:01:21 [31merror[39m: [31mRequest: GET /users; params: {}; query: {}; request body: {}; error: Cannot set headers after they are sent to the client[39m
2022-08-10 00:03:11:311 [32minfo[39m: [32mRequest: GET /users; params: {}; query: {}; request body: {}[39m
2022-08-10 00:10:51:1051 [32minfo[39m: [32mRequest: OPTIONS /login; params: {}; query: {}; request body: {}[39m
2022-08-10 00:11:56:1156 [32minfo[39m: [32mRequest: OPTIONS /login?login=BobbySinger&password=Bro789; params: {}; query: {"login":"BobbySinger","password":"Bro789"}; request body: {}[39m
2022-08-10 00:12:41:1241 [32minfo[39m: [32mRequest: OPTIONS /login; params: {}; query: {}; request body: {}[39m
2022-08-10 00:31:49:3149 [32minfo[39m: [32mRequest: GET /users; params: {}; query: {}; request body: {}[39m
2022-08-10 00:32:00:320 [32minfo[39m: [32mRequest: OPTIONS /login; params: {}; query: {}; request body: {}[39m
2022-08-10 00:33:33:3333 [32minfo[39m: [32mRequest: GET /login; params: {}; query: {}; request body: {}[39m
2022-08-10 00:33:33:3333 [31merror[39m: [31mRequest: GET /login; params: {}; query: {}; request body: {}; error: User not found[39m
2022-08-10 00:34:02:342 [32minfo[39m: [32mRequest: POST /login; params: {}; query: {}; request body: {}[39m
2022-08-10 00:34:02:342 [31merror[39m: [31mRequest: POST /login; params: {}; query: {}; request body: {}; error: WHERE parameter "login" has invalid "undefined" value[39m
2022-08-10 00:36:55:3655 [32minfo[39m: [32mRequest: POST /login; params: {}; query: {}; request body: {}[39m
2022-08-10 00:36:55:3655 [31merror[39m: [31mRequest: POST /login; params: {}; query: {}; request body: {}; error: WHERE parameter "login" has invalid "undefined" value[39m
2022-08-10 00:40:09:409 [32minfo[39m: [32mRequest: POST /login; params: {}; query: {}; request body: {"login":"BobbySinger","password":"Bro789"}[39m
2022-08-10 00:42:18:4218 [32minfo[39m: [32mRequest: POST /login; params: {}; query: {}; request body: {"login":"BobbySinger","password":"Bro789"}[39m
2022-08-10 00:43:01:431 [32minfo[39m: [32mRequest: GET /users/5; params: {}; query: {}; request body: {}[39m
2022-08-10 00:43:01:431 [31merror[39m: [31mRequest: GET /users/5; params: {}; query: {}; request body: {}; error: Cannot set headers after they are sent to the client[39m
2022-08-10 00:44:33:4433 [32minfo[39m: [32mRequest: GET /users/5; params: {}; query: {}; request body: {}[39m
2022-08-10 00:51:52:5152 [32minfo[39m: [32mRequest: POST /login; params: {}; query: {}; request body: {"login":"BobbySinger","password":"123"}[39m
2022-08-10 00:51:52:5152 [32minfo[39m: [32mRequest: POST /; request body: {"login":"BobbySinger","password":"123"}; error: validation error[39m
2022-08-18 16:59:04:594 [32minfo[39m: [32mRequest: POST /login; params: {}; query: {}; request body: {"login":"BobbySinger","password":"Bro789"}[39m
2022-08-18 16:59:24:5924 [32minfo[39m: [32mRequest: GET /users; params: {}; query: {}; request body: {}[39m
2022-08-18 16:59:24:5924 [31merror[39m: [31mRequest: GET /users; params: {}; query: {}; request body: {}; error: Cannot set headers after they are sent to the client[39m
2022-08-18 17:16:15:1615 [32minfo[39m: [32mRequest: GET /users; params: {}; query: {}; request body: {}[39m
2022-08-18 17:16:15:1615 [31merror[39m: [31mRequest: GET /users; params: {}; query: {}; request body: {}; error: undefined[39m
2022-08-21 22:18:19:1819 [32minfo[39m: [32mRequest: GET /users; params: {}; query: {}; request body: {}[39m
2022-08-21 22:18:19:1819 [31merror[39m: [31mRequest: GET /users; params: {}; query: {}; request body: {}; error: Unauthorized access denied[39m
2022-08-21 22:18:59:1859 [32minfo[39m: [32mRequest: GET /users; params: {}; query: {}; request body: {}[39m
2022-08-21 22:18:59:1859 [31merror[39m: [31mRequest: GET /users; params: {}; query: {}; request body: {}; error: User not found[39m
2022-08-21 22:20:17:2017 [32minfo[39m: [32mRequest: GET /users; params: {}; query: {}; request body: {}[39m
2022-08-21 22:53:56:5356 [32minfo[39m: [32mRequest: GET /users/1555; params: {}; query: {}; request body: {}[39m
2022-08-21 22:53:57:5357 [31merror[39m: [31mRequest: GET /users/1555; params: {}; query: {}; request body: {}; error: User not found[39m
2022-08-21 22:54:24:5424 [32minfo[39m: [32mRequest: GET /users/1555; params: {}; query: {}; request body: {}[39m
2022-08-21 22:54:24:5424 [31merror[39m: [31mRequest: GET /users/1555; params: {}; query: {}; request body: {}; error: User not found[39m
2022-08-21 23:26:07:267 [32minfo[39m: [32mRequest: POST /login; params: {}; query: {}; request body: {"login":"BobbySinger","password":"Bro789"}[39m
2022-08-21 23:26:08:268 [31merror[39m: [31mRequest: POST /login; params: {}; query: {}; request body: {"login":"BobbySinger","password":"Bro789"}; error: Expected "payload" to be a plain object.[39m
2022-08-21 23:28:27:2827 [32minfo[39m: [32mRequest: POST /login; params: {}; query: {}; request body: {"login":"BobbySinger","password":"Bro789"}[39m
2022-08-21 23:28:27:2827 [31merror[39m: [31mRequest: POST /login; params: {}; query: {}; request body: {"login":"BobbySinger","password":"Bro789"}; error: Expected "payload" to be a plain object.[39m
2022-08-21 23:29:15:2915 [32minfo[39m: [32mRequest: POST /login; params: {}; query: {}; request body: {"login":"BobbySinger","password":"Bro789"}[39m
2022-08-21 23:29:15:2915 [31merror[39m: [31mRequest: POST /login; params: {}; query: {}; request body: {"login":"BobbySinger","password":"Bro789"}; error: Expected "payload" to be a plain object.[39m
2022-08-21 23:32:28:3228 [32minfo[39m: [32mRequest: POST /login; params: {}; query: {}; request body: {"login":"BobbySinger","password":"Bro789"}[39m
2022-08-21 23:32:28:3228 [31merror[39m: [31mRequest: POST /login; params: {}; query: {}; request body: {"login":"BobbySinger","password":"Bro789"}; error: Expected "payload" to be a plain object.[39m
2022-08-21 23:35:04:354 [32minfo[39m: [32mRequest: POST /login; params: {}; query: {}; request body: {"login":"BobbySinger","password":"Bro789"}[39m
2022-08-21 23:44:35:4435 [32minfo[39m: [32mRequest: GET /users; params: {}; query: {}; request body: {}[39m
2022-08-21 23:44:35:4435 [31merror[39m: [31mRequest: GET /users; params: {}; query: {}; request body: {}; error: Invalid token[39m
2022-08-21 23:45:15:4515 [32minfo[39m: [32mRequest: POST /login; params: {}; query: {}; request body: {"login":"BobbySinger","password":"Bro789"}[39m
2022-08-21 23:46:31:4631 [32minfo[39m: [32mRequest: GET /users; params: {}; query: {}; request body: {}[39m
2022-08-21 23:46:32:4632 [31merror[39m: [31mRequest: GET /users; params: {}; query: {}; request body: {}; error: payload is required[39m
2022-08-21 23:49:09:499 [32minfo[39m: [32mRequest: GET /users; params: {}; query: {}; request body: {}[39m
2022-08-21 23:49:09:499 [31merror[39m: [31mRequest: GET /users; params: {}; query: {}; request body: {}; error: Bad "options.expiresIn" option the payload already has an "exp" property.[39m
2022-08-21 23:51:20:5120 [32minfo[39m: [32mRequest: GET /users; params: {}; query: {}; request body: {}[39m
2022-08-21 23:52:38:5238 [32minfo[39m: [32mRequest: GET /users; params: {}; query: {}; request body: {}[39m
2022-08-21 23:54:56:5456 [32minfo[39m: [32mRequest: GET /users/1; params: {}; query: {}; request body: {}[39m
