2022-07-31 21:31:21:3121 [31merror[39m: [31mRequest: GET /users/150; query params: [object Object]; request body: [object Object], error: User not found[39m
2022-07-31 23:58:00:580 [31merror[39m: [31mRequest: GET /users/150; params: {}; query: {}; request body: {}; error: User not found[39m
2022-07-31 23:59:53:5953 [31merror[39m: [31mRequest: GET /users/150; params: {}; query: {}; request body: {}; error: User not found[39m
2022-08-01 00:00:05:05 [31merror[39m: [31mRequest: GET /users/150; params: {}; query: {}; request body: {}; error: User not found[39m
2022-08-01 00:03:42:342 [31merror[39m: [31mRequest: POST /users; params: {}; query: {}; request body: {"login":"TestUser","password":"pasword123","age":16}; error: notNull Violation: User.isDeleted cannot be null[39m
2022-08-01 00:05:38:538 [31merror[39m: [31mRequest: POST /users; params: {}; query: {}; request body: {"login":"TestUser","password":"pasword123","age":16}; error: Validation error[39m
2022-08-01 00:07:31:731 [31merror[39m: [31mRequest: DELETE /users/88; params: {}; query: {}; request body: {}; error: User not found[39m
2022-08-01 00:12:15:1215 [31merror[39m: [31mRequest: GET /users/99; params: {}; query: {}; request body: {}; error: Uncaught Exception[39m
2022-08-07 23:39:48:3948 [31merror[39m: [31mRequest: POST /login; params: {}; query: {}; request body: {"login":"login","password":"passw"}; error: User not found[39m
2022-08-07 23:41:00:410 [31merror[39m: [31mRequest: POST /login; params: {}; query: {}; request body: {"login":"MaryWinchester","password":"mary64"}; error: User not found[39m
2022-08-07 23:43:44:4344 [31merror[39m: [31mRequest: POST /login; params: {}; query: {}; request body: {"login":"Megmasters","password":"Demon2"}; error: User not found[39m
2022-08-07 23:46:01:461 [31merror[39m: [31mRequest: POST /login; params: {}; query: {}; request body: {"login":"Megmasters","password":"Demon2"}; error: User not found[39m
2022-08-07 23:48:07:487 [31merror[39m: [31mRequest: POST /login; params: {}; query: {}; request body: {"login":"Megmasters","password":"Demon2"}; error: User not found[39m
2022-08-07 23:50:13:5013 [31merror[39m: [31mRequest: POST /login; params: {}; query: {}; request body: {"login":"Megmasters","password":"Demon2"}; error: User not found[39m
2022-08-07 23:51:31:5131 [31merror[39m: [31mRequest: POST /login; params: {}; query: {}; request body: {"login":"Megmasters","password":"Demon2"}; error: User not found[39m
2022-08-07 23:51:33:5133 [31merror[39m: [31mRequest: POST /login; params: {}; query: {}; request body: {"login":"Megmasters","password":"Demon2"}; error: User not found[39m
2022-08-07 23:52:06:526 [31merror[39m: [31mRequest: POST /login; params: {}; query: {}; request body: {"login":"Megmasters","password":"Demon2"}; error: User not found[39m
2022-08-07 23:54:05:545 [31merror[39m: [31mRequest: POST /login; params: {}; query: {}; request body: {"login":"Megmasters","password":"Demon2"}; error: User not found[39m
2022-08-07 23:54:57:5457 [31merror[39m: [31mRequest: GET /users/2; params: {}; query: {}; request body: {}; error: User not found[39m
2022-08-07 23:55:25:5525 [31merror[39m: [31mRequest: GET /users; params: {}; query: {}; request body: {}; error: User not found[39m
2022-08-08 00:01:19:119 [31merror[39m: [31mRequest: POST /login; params: {}; query: {}; request body: {"login":"BobbySinger","password":"Bro789"}; error: User not found[39m
2022-08-08 00:02:07:27 [31merror[39m: [31mRequest: POST /login; params: {}; query: {}; request body: {"login":"BobbySinger","password":"Bro789"}; error: User not found[39m
2022-08-08 00:02:23:223 [31merror[39m: [31mRequest: GET /users/66; params: {}; query: {}; request body: {}; error: User not found[39m
2022-08-08 00:06:26:626 [31merror[39m: [31mRequest: POST /login; params: {}; query: {}; request body: {"login":"BobbySinger","password":"Bro789"}; error: User not found[39m
2022-08-08 00:10:38:1038 [31merror[39m: [31mRequest: POST /login; params: {}; query: {}; request body: {"login":"BobbySinger","password":"Bro789"}; error: User not found[39m
2022-08-08 00:12:07:127 [31merror[39m: [31mRequest: POST /login; params: {}; query: {}; request body: {"login":"BobbySinger","password":"Bro789"}; error: User not found[39m
2022-08-08 00:13:33:1333 [31merror[39m: [31mRequest: POST /login; params: {}; query: {}; request body: {"login":"BobbySinger","password":"Bro789"}; error: User not found[39m
2022-08-08 00:14:40:1440 [31merror[39m: [31mRequest: POST /login; params: {}; query: {}; request body: {"login":"BobbySinger","password":"Bro789"}; error: Bad login/password combination[39m
2022-08-08 00:16:47:1647 [31merror[39m: [31mRequest: POST /login; params: {}; query: {}; request body: {"login":"Megmasters","password":"demon2"}; error: Bad login/password combination[39m
2022-08-08 00:17:49:1749 [31merror[39m: [31mRequest: POST /login; params: {}; query: {}; request body: {"login":"Megmasters","password":"demon2"}; error: Bad login/password combination[39m
2022-08-08 00:20:33:2033 [31merror[39m: [31mRequest: POST /login; params: {}; query: {}; request body: {"login":"Megmasters","password":"demon2"}; error: Bad login/password combination[39m
2022-08-08 00:21:24:2124 [31merror[39m: [31mRequest: POST /login; params: {}; query: {}; request body: {"login":"Megmasters","password":"demon2"}; error: Bad login/password combination[39m
2022-08-08 00:36:52:3652 [31merror[39m: [31mRequest: GET /users; params: {}; query: {}; request body: {}; error: Cannot set headers after they are sent to the client[39m
2022-08-08 00:37:06:376 [31merror[39m: [31mRequest: GET /users; params: {}; query: {}; request body: {}; error: Cannot set headers after they are sent to the client[39m
2022-08-08 00:37:08:378 [31merror[39m: [31mRequest: GET /users; params: {}; query: {}; request body: {}; error: Cannot set headers after they are sent to the client[39m
2022-08-08 00:38:06:386 [31merror[39m: [31mRequest: GET /users/4; params: {}; query: {}; request body: {}; error: Cannot set headers after they are sent to the client[39m
2022-08-08 00:39:54:3954 [31merror[39m: [31mRequest: GET /groups/1; params: {}; query: {}; request body: {}; error: Cannot set headers after they are sent to the client[39m
2022-08-08 00:42:22:4222 [31merror[39m: [31mRequest: GET /users/4; params: {}; query: {}; request body: {}; error: Cannot set headers after they are sent to the client[39m
2022-08-08 00:43:24:4324 [31merror[39m: [31mRequest: GET /users; params: {}; query: {}; request body: {}; error: Cannot set headers after they are sent to the client[39m
2022-08-08 00:49:32:4932 [31merror[39m: [31mRequest: GET /users; params: {}; query: {}; request body: {}; error: Cannot set headers after they are sent to the client[39m
2022-08-08 00:51:54:5154 [31merror[39m: [31mRequest: GET /users; params: {}; query: {}; request body: {}; error: Cannot set headers after they are sent to the client[39m
2022-08-08 00:52:08:528 [31merror[39m: [31mRequest: GET /groups/4; params: {}; query: {}; request body: {}; error: Cannot set headers after they are sent to the client[39m
2022-08-08 00:54:34:5434 [31merror[39m: [31mRequest: GET /groups/4; params: {}; query: {}; request body: {}; error: Cannot set headers after they are sent to the client[39m
2022-08-08 01:05:49:549 [31merror[39m: [31mRequest: GET /groups/4; params: {}; query: {}; request body: {}; error: Cannot set headers after they are sent to the client[39m
2022-08-08 01:10:58:1058 [31merror[39m: [31mRequest: GET /users; params: {}; query: {}; request body: {}; error: Cannot set headers after they are sent to the client[39m
2022-08-08 01:16:00:160 [31merror[39m: [31mRequest: GET /users; params: {}; query: {}; request body: {}; error: Cannot set headers after they are sent to the client[39m
2022-08-10 00:02:01:21 [31merror[39m: [31mRequest: GET /users; params: {}; query: {}; request body: {}; error: Cannot set headers after they are sent to the client[39m
2022-08-10 00:33:33:3333 [31merror[39m: [31mRequest: GET /login; params: {}; query: {}; request body: {}; error: User not found[39m
2022-08-10 00:34:02:342 [31merror[39m: [31mRequest: POST /login; params: {}; query: {}; request body: {}; error: WHERE parameter "login" has invalid "undefined" value[39m
2022-08-10 00:36:55:3655 [31merror[39m: [31mRequest: POST /login; params: {}; query: {}; request body: {}; error: WHERE parameter "login" has invalid "undefined" value[39m
2022-08-10 00:43:01:431 [31merror[39m: [31mRequest: GET /users/5; params: {}; query: {}; request body: {}; error: Cannot set headers after they are sent to the client[39m
